<?xml version="1.0" encoding="UTF-8"?>
<testsuites>
  <testsuite name="UserModel_test" file="C:\wamp64\www\projetL3\application\tests\models\UserModel_test.php" tests="1" assertions="2" failures="0" errors="0" time="0.033324">
    <testcase name="test_validate" class="UserModel_test" file="C:\wamp64\www\projetL3\application\tests\models\UserModel_test.php" line="15" assertions="2" time="0.033324"/>
  </testsuite>
</testsuites>
