<?xml version="1.0" encoding="UTF-8"?>
<testsuites>
  <testsuite name="EleveDAO_test" file="C:\wamp64\www\projetL3\application\tests\models\EleveDAO_test.php" tests="1" assertions="3" failures="0" errors="0" time="1.921473">
    <testcase name="test_getEleveByEmail" class="EleveDAO_test" file="C:\wamp64\www\projetL3\application\tests\models\EleveDAO_test.php" line="10" assertions="3" time="1.921473"/>
  </testsuite>
</testsuites>
