<?xml version="1.0" encoding="UTF-8"?>
<testsuites>
  <testsuite name="Eleve_test" file="C:\wamp64\www\projetL3\application\tests\models\Eleve_test.php" tests="4" assertions="4" failures="0" errors="0" time="0.035706">
    <testcase name="test_get_random_password" class="Eleve_test" file="C:\wamp64\www\projetL3\application\tests\models\Eleve_test.php" line="11" assertions="1" time="0.020194"/>
    <testcase name="test_get_email" class="Eleve_test" file="C:\wamp64\www\projetL3\application\tests\models\Eleve_test.php" line="23" assertions="1" time="0.005361"/>
    <testcase name="test_get_nom" class="Eleve_test" file="C:\wamp64\www\projetL3\application\tests\models\Eleve_test.php" line="30" assertions="1" time="0.004957"/>
    <testcase name="test_get_prenom" class="Eleve_test" file="C:\wamp64\www\projetL3\application\tests\models\Eleve_test.php" line="37" assertions="1" time="0.005194"/>
  </testsuite>
</testsuites>
